<?xml version="1.0" encoding="UTF-8"?>
<!-- Generated by org.testng.reporters.JUnitXMLReporter -->
<testsuite ignored="0" hostname="DESKTOP-UGGGIS6" failures="0" tests="2" name="Default test" time="51.723" errors="0" timestamp="2022-12-05T00:25:46 IST">
  <testcase classname="validateUserIDAnd_Balance.ValidateNeoStoxAccBalance" name="ValidateUserID" time="0.531"/>
  <testcase classname="validateUserIDAnd_Balance.ValidateNeoStoxAccBalance" name="ValidateAccBalance" time="0.283"/>
</testsuite> <!-- Default test -->
