<?xml version="1.0" encoding="UTF-8"?>
<!-- Generated by org.testng.reporters.JUnitXMLReporter -->
<testsuite ignored="0" hostname="DESKTOP-UGGGIS6" failures="0" tests="2" name="Default test" time="71.591" errors="0" timestamp="2022-12-21T20:58:56 IST">
  <testcase classname="validateUserIDAnd_Balance.ValidateNeoStoxAccBalance" name="ValidateUserID" time="0.512"/>
  <testcase classname="validateUserIDAnd_Balance.ValidateNeoStoxAccBalance" name="ValidateAccBalance" time="0.18"/>
</testsuite> <!-- Default test -->
