<?xml version="1.0" encoding="UTF-8"?>
<!-- Generated by org.testng.reporters.JUnitXMLReporter -->
<testsuite ignored="0" hostname="DESKTOP-UGGGIS6" failures="0" tests="2" name="Test" time="105.786" errors="0" timestamp="2022-12-22T00:19:12 IST">
  <testcase classname="validateUserIDAnd_Balance.ValidateNeoStoxAccBalance" name="ValidateUserID" time="0.539"/>
  <testcase classname="validateUserIDAnd_Balance.ValidateNeoStoxAccBalance" name="ValidateAccBalance" time="0.288"/>
</testsuite> <!-- Test -->
