<?xml version="1.0" encoding="UTF-8"?>
<testng-results ignored="0" total="2" passed="2" failed="0" skipped="0">
  <reporter-output>
    <line>
      <![CDATA[reading data from excel]]>
    </line>
    <line>
      <![CDATA[Waiting for5000ms]]>
    </line>
    <line>
      <![CDATA[Clicking on SignIn Button]]>
    </line>
    <line>
      <![CDATA[Waiting for2000ms]]>
    </line>
    <line>
      <![CDATA[Waiting for5000ms]]>
    </line>
    <line>
      <![CDATA[Clicking on SignIN Button]]>
    </line>
    <line>
      <![CDATA[Waiting for2000ms]]>
    </line>
    <line>
      <![CDATA[reading data from excel]]>
    </line>
    <line>
      <![CDATA[Waiting for5000ms]]>
    </line>
    <line>
      <![CDATA[Entering Password]]>
    </line>
    <line>
      <![CDATA[Waiting for5000ms]]>
    </line>
    <line>
      <![CDATA[Clicking on submit Button]]>
    </line>
    <line>
      <![CDATA[Waiting for9000ms]]>
    </line>
    <line>
      <![CDATA[Waiting for9000ms]]>
    </line>
    <line>
      <![CDATA[Clicking on Close button of Popup]]>
    </line>
    <line>
      <![CDATA[Waiting for5000ms]]>
    </line>
    <line>
      <![CDATA[Actual User Name is Sameer Sonawane]]>
    </line>
    <line>
      <![CDATA[reading data from excel]]>
    </line>
    <line>
      <![CDATA[Waiting for5000ms]]>
    </line>
    <line>
      <![CDATA[Actual User Name is Sameer Sonawane]]>
    </line>
    <line>
      <![CDATA[Waiting for2000ms]]>
    </line>
    <line>
      <![CDATA[Taking ScreenShot]]>
    </line>
    <line>
      <![CDATA[Waiting for5000ms]]>
    </line>
    <line>
      <![CDATA[Logging Out]]>
    </line>
    <line>
      <![CDATA[reading data from excel]]>
    </line>
    <line>
      <![CDATA[Waiting for5000ms]]>
    </line>
    <line>
      <![CDATA[Clicking on SignIn Button]]>
    </line>
    <line>
      <![CDATA[Waiting for2000ms]]>
    </line>
    <line>
      <![CDATA[Waiting for5000ms]]>
    </line>
    <line>
      <![CDATA[Clicking on SignIN Button]]>
    </line>
    <line>
      <![CDATA[Waiting for2000ms]]>
    </line>
    <line>
      <![CDATA[reading data from excel]]>
    </line>
    <line>
      <![CDATA[Waiting for5000ms]]>
    </line>
    <line>
      <![CDATA[Entering Password]]>
    </line>
    <line>
      <![CDATA[Waiting for5000ms]]>
    </line>
    <line>
      <![CDATA[Clicking on submit Button]]>
    </line>
    <line>
      <![CDATA[No Popup Interacted]]>
    </line>
    <line>
      <![CDATA[Waiting for5000ms]]>
    </line>
    <line>
      <![CDATA[Waiting for5000ms]]>
    </line>
    <line>
      <![CDATA[Actual Balance isRs.5,00,000.00]]>
    </line>
    <line>
      <![CDATA[Waiting for2000ms]]>
    </line>
    <line>
      <![CDATA[Taking ScreenShot]]>
    </line>
    <line>
      <![CDATA[Waiting for5000ms]]>
    </line>
    <line>
      <![CDATA[Logging Out]]>
    </line>
    <line>
      <![CDATA[Closing Browser]]>
    </line>
  </reporter-output>
  <suite started-at="2022-12-22T00:17:26 IST" name="Suite" finished-at="2022-12-22T00:19:12 IST" duration-ms="105786">
    <groups>
    </groups>
    <test started-at="2022-12-22T00:17:26 IST" name="Test" finished-at="2022-12-22T00:19:12 IST" duration-ms="105786">
      <class name="validateUserIDAnd_Balance.ValidateNeoStoxAccBalance">
        <test-method is-config="true" signature="launchNeoStox()[pri:0, instance:validateUserIDAnd_Balance.ValidateNeoStoxAccBalance@1a942c18]" started-at="2022-12-22T00:17:26 IST" name="launchNeoStox" finished-at="2022-12-22T00:17:52 IST" duration-ms="25616" status="PASS">
          <reporter-output>
          </reporter-output>
        </test-method> <!-- launchNeoStox -->
        <test-method is-config="true" signature="logintoNeoStox()[pri:0, instance:validateUserIDAnd_Balance.ValidateNeoStoxAccBalance@1a942c18]" started-at="2022-12-22T00:17:52 IST" name="logintoNeoStox" finished-at="2022-12-22T00:18:26 IST" duration-ms="34245" status="PASS">
          <reporter-output>
            <line>
              <![CDATA[reading data from excel]]>
            </line>
            <line>
              <![CDATA[Waiting for5000ms]]>
            </line>
            <line>
              <![CDATA[Clicking on SignIn Button]]>
            </line>
            <line>
              <![CDATA[Waiting for2000ms]]>
            </line>
            <line>
              <![CDATA[Waiting for5000ms]]>
            </line>
            <line>
              <![CDATA[Clicking on SignIN Button]]>
            </line>
            <line>
              <![CDATA[Waiting for2000ms]]>
            </line>
            <line>
              <![CDATA[reading data from excel]]>
            </line>
            <line>
              <![CDATA[Waiting for5000ms]]>
            </line>
            <line>
              <![CDATA[Entering Password]]>
            </line>
            <line>
              <![CDATA[Waiting for5000ms]]>
            </line>
            <line>
              <![CDATA[Clicking on submit Button]]>
            </line>
            <line>
              <![CDATA[Waiting for9000ms]]>
            </line>
            <line>
              <![CDATA[Waiting for9000ms]]>
            </line>
            <line>
              <![CDATA[Clicking on Close button of Popup]]>
            </line>
          </reporter-output>
        </test-method> <!-- logintoNeoStox -->
        <test-method signature="ValidateUserID()[pri:-1, instance:validateUserIDAnd_Balance.ValidateNeoStoxAccBalance@1a942c18]" started-at="2022-12-22T00:18:26 IST" name="ValidateUserID" finished-at="2022-12-22T00:18:26 IST" duration-ms="539" status="PASS">
          <reporter-output>
            <line>
              <![CDATA[Waiting for5000ms]]>
            </line>
            <line>
              <![CDATA[Actual User Name is Sameer Sonawane]]>
            </line>
            <line>
              <![CDATA[reading data from excel]]>
            </line>
            <line>
              <![CDATA[Waiting for5000ms]]>
            </line>
            <line>
              <![CDATA[Actual User Name is Sameer Sonawane]]>
            </line>
            <line>
              <![CDATA[Waiting for2000ms]]>
            </line>
            <line>
              <![CDATA[Taking ScreenShot]]>
            </line>
          </reporter-output>
        </test-method> <!-- ValidateUserID -->
        <test-method is-config="true" signature="logOutFromNeoStox()[pri:0, instance:validateUserIDAnd_Balance.ValidateNeoStoxAccBalance@1a942c18]" started-at="2022-12-22T00:18:26 IST" name="logOutFromNeoStox" finished-at="2022-12-22T00:18:37 IST" duration-ms="10302" status="PASS">
          <reporter-output>
            <line>
              <![CDATA[Waiting for5000ms]]>
            </line>
            <line>
              <![CDATA[Logging Out]]>
            </line>
          </reporter-output>
        </test-method> <!-- logOutFromNeoStox -->
        <test-method is-config="true" signature="logintoNeoStox()[pri:0, instance:validateUserIDAnd_Balance.ValidateNeoStoxAccBalance@1a942c18]" started-at="2022-12-22T00:18:37 IST" name="logintoNeoStox" finished-at="2022-12-22T00:19:01 IST" duration-ms="23844" status="PASS">
          <reporter-output>
            <line>
              <![CDATA[reading data from excel]]>
            </line>
            <line>
              <![CDATA[Waiting for5000ms]]>
            </line>
            <line>
              <![CDATA[Clicking on SignIn Button]]>
            </line>
            <line>
              <![CDATA[Waiting for2000ms]]>
            </line>
            <line>
              <![CDATA[Waiting for5000ms]]>
            </line>
            <line>
              <![CDATA[Clicking on SignIN Button]]>
            </line>
            <line>
              <![CDATA[Waiting for2000ms]]>
            </line>
            <line>
              <![CDATA[reading data from excel]]>
            </line>
            <line>
              <![CDATA[Waiting for5000ms]]>
            </line>
            <line>
              <![CDATA[Entering Password]]>
            </line>
            <line>
              <![CDATA[Waiting for5000ms]]>
            </line>
            <line>
              <![CDATA[Clicking on submit Button]]>
            </line>
            <line>
              <![CDATA[No Popup Interacted]]>
            </line>
            <line>
              <![CDATA[Waiting for5000ms]]>
            </line>
          </reporter-output>
        </test-method> <!-- logintoNeoStox -->
        <test-method signature="ValidateAccBalance()[pri:0, instance:validateUserIDAnd_Balance.ValidateNeoStoxAccBalance@1a942c18]" started-at="2022-12-22T00:19:01 IST" name="ValidateAccBalance" finished-at="2022-12-22T00:19:01 IST" duration-ms="288" status="PASS">
          <reporter-output>
            <line>
              <![CDATA[Waiting for5000ms]]>
            </line>
            <line>
              <![CDATA[Actual Balance isRs.5,00,000.00]]>
            </line>
            <line>
              <![CDATA[Waiting for2000ms]]>
            </line>
            <line>
              <![CDATA[Taking ScreenShot]]>
            </line>
          </reporter-output>
        </test-method> <!-- ValidateAccBalance -->
        <test-method is-config="true" signature="logOutFromNeoStox()[pri:0, instance:validateUserIDAnd_Balance.ValidateNeoStoxAccBalance@1a942c18]" started-at="2022-12-22T00:19:01 IST" name="logOutFromNeoStox" finished-at="2022-12-22T00:19:11 IST" duration-ms="10416" status="PASS">
          <reporter-output>
            <line>
              <![CDATA[Waiting for5000ms]]>
            </line>
            <line>
              <![CDATA[Logging Out]]>
            </line>
          </reporter-output>
        </test-method> <!-- logOutFromNeoStox -->
        <test-method is-config="true" signature="closeBrowser()[pri:0, instance:validateUserIDAnd_Balance.ValidateNeoStoxAccBalance@1a942c18]" started-at="2022-12-22T00:19:11 IST" name="closeBrowser" finished-at="2022-12-22T00:19:12 IST" duration-ms="366" status="PASS">
          <reporter-output>
            <line>
              <![CDATA[Closing Browser]]>
            </line>
          </reporter-output>
        </test-method> <!-- closeBrowser -->
      </class> <!-- validateUserIDAnd_Balance.ValidateNeoStoxAccBalance -->
    </test> <!-- Test -->
  </suite> <!-- Suite -->
</testng-results>
