<?xml version="1.0" encoding="UTF-8"?>
<testng-results ignored="0" total="2" passed="2" failed="0" skipped="0">
  <reporter-output>
    <line>
      <![CDATA[reading data from excel]]>
    </line>
    <line>
      <![CDATA[Waiting for5000ms]]>
    </line>
    <line>
      <![CDATA[Clicking on SignIn Button]]>
    </line>
    <line>
      <![CDATA[Waiting for2000ms]]>
    </line>
    <line>
      <![CDATA[Waiting for5000ms]]>
    </line>
    <line>
      <![CDATA[Clicking on SignIN Button]]>
    </line>
    <line>
      <![CDATA[Waiting for2000ms]]>
    </line>
    <line>
      <![CDATA[reading data from excel]]>
    </line>
    <line>
      <![CDATA[Waiting for5000ms]]>
    </line>
    <line>
      <![CDATA[Entering Password]]>
    </line>
    <line>
      <![CDATA[Waiting for5000ms]]>
    </line>
    <line>
      <![CDATA[Clicking on submit Button]]>
    </line>
    <line>
      <![CDATA[Waiting for5000ms]]>
    </line>
    <line>
      <![CDATA[Clicking on OK button of Popup]]>
    </line>
    <line>
      <![CDATA[Waiting for5000ms]]>
    </line>
    <line>
      <![CDATA[Clicking on Close button of Popup]]>
    </line>
    <line>
      <![CDATA[Waiting for5000ms]]>
    </line>
    <line>
      <![CDATA[Actual User Name is Sameer Sonawane]]>
    </line>
    <line>
      <![CDATA[reading data from excel]]>
    </line>
    <line>
      <![CDATA[Waiting for5000ms]]>
    </line>
    <line>
      <![CDATA[Actual User Name is Sameer Sonawane]]>
    </line>
    <line>
      <![CDATA[Waiting for2000ms]]>
    </line>
    <line>
      <![CDATA[Taking ScreenShot]]>
    </line>
    <line>
      <![CDATA[Waiting for5000ms]]>
    </line>
    <line>
      <![CDATA[Logging Out]]>
    </line>
    <line>
      <![CDATA[reading data from excel]]>
    </line>
    <line>
      <![CDATA[Waiting for5000ms]]>
    </line>
    <line>
      <![CDATA[Clicking on SignIn Button]]>
    </line>
    <line>
      <![CDATA[Waiting for2000ms]]>
    </line>
    <line>
      <![CDATA[Waiting for5000ms]]>
    </line>
    <line>
      <![CDATA[Clicking on SignIN Button]]>
    </line>
    <line>
      <![CDATA[Waiting for2000ms]]>
    </line>
    <line>
      <![CDATA[reading data from excel]]>
    </line>
    <line>
      <![CDATA[Waiting for5000ms]]>
    </line>
    <line>
      <![CDATA[Entering Password]]>
    </line>
    <line>
      <![CDATA[Waiting for5000ms]]>
    </line>
    <line>
      <![CDATA[Clicking on submit Button]]>
    </line>
    <line>
      <![CDATA[No Popup Interacted]]>
    </line>
    <line>
      <![CDATA[Waiting for5000ms]]>
    </line>
    <line>
      <![CDATA[Waiting for5000ms]]>
    </line>
    <line>
      <![CDATA[Actual Balance isRs.5,00,000.00]]>
    </line>
    <line>
      <![CDATA[Waiting for2000ms]]>
    </line>
    <line>
      <![CDATA[Taking ScreenShot]]>
    </line>
    <line>
      <![CDATA[Waiting for5000ms]]>
    </line>
    <line>
      <![CDATA[Logging Out]]>
    </line>
    <line>
      <![CDATA[Closing Browser]]>
    </line>
  </reporter-output>
  <suite started-at="2022-12-05T00:24:54 IST" name="Default suite" finished-at="2022-12-05T00:25:46 IST" duration-ms="51723">
    <groups>
    </groups>
    <test started-at="2022-12-05T00:24:54 IST" name="Default test" finished-at="2022-12-05T00:25:46 IST" duration-ms="51723">
      <class name="validateUserIDAnd_Balance.ValidateNeoStoxAccBalance">
        <test-method is-config="true" signature="launchNeoStox()[pri:0, instance:validateUserIDAnd_Balance.ValidateNeoStoxAccBalance@1de5f259]" started-at="2022-12-05T00:24:54 IST" name="launchNeoStox" finished-at="2022-12-05T00:25:10 IST" duration-ms="15678" status="PASS">
          <reporter-output>
          </reporter-output>
        </test-method> <!-- launchNeoStox -->
        <test-method is-config="true" signature="logintoNeoStox()[pri:0, instance:validateUserIDAnd_Balance.ValidateNeoStoxAccBalance@1de5f259]" started-at="2022-12-05T00:25:10 IST" name="logintoNeoStox" finished-at="2022-12-05T00:25:26 IST" duration-ms="15763" status="PASS">
          <reporter-output>
            <line>
              <![CDATA[reading data from excel]]>
            </line>
            <line>
              <![CDATA[Waiting for5000ms]]>
            </line>
            <line>
              <![CDATA[Clicking on SignIn Button]]>
            </line>
            <line>
              <![CDATA[Waiting for2000ms]]>
            </line>
            <line>
              <![CDATA[Waiting for5000ms]]>
            </line>
            <line>
              <![CDATA[Clicking on SignIN Button]]>
            </line>
            <line>
              <![CDATA[Waiting for2000ms]]>
            </line>
            <line>
              <![CDATA[reading data from excel]]>
            </line>
            <line>
              <![CDATA[Waiting for5000ms]]>
            </line>
            <line>
              <![CDATA[Entering Password]]>
            </line>
            <line>
              <![CDATA[Waiting for5000ms]]>
            </line>
            <line>
              <![CDATA[Clicking on submit Button]]>
            </line>
            <line>
              <![CDATA[Waiting for5000ms]]>
            </line>
            <line>
              <![CDATA[Clicking on OK button of Popup]]>
            </line>
            <line>
              <![CDATA[Waiting for5000ms]]>
            </line>
            <line>
              <![CDATA[Clicking on Close button of Popup]]>
            </line>
          </reporter-output>
        </test-method> <!-- logintoNeoStox -->
        <test-method signature="ValidateUserID()[pri:-1, instance:validateUserIDAnd_Balance.ValidateNeoStoxAccBalance@1de5f259]" started-at="2022-12-05T00:25:26 IST" name="ValidateUserID" finished-at="2022-12-05T00:25:26 IST" duration-ms="531" status="PASS">
          <reporter-output>
            <line>
              <![CDATA[Waiting for5000ms]]>
            </line>
            <line>
              <![CDATA[Actual User Name is Sameer Sonawane]]>
            </line>
            <line>
              <![CDATA[reading data from excel]]>
            </line>
            <line>
              <![CDATA[Waiting for5000ms]]>
            </line>
            <line>
              <![CDATA[Actual User Name is Sameer Sonawane]]>
            </line>
            <line>
              <![CDATA[Waiting for2000ms]]>
            </line>
            <line>
              <![CDATA[Taking ScreenShot]]>
            </line>
          </reporter-output>
        </test-method> <!-- ValidateUserID -->
        <test-method is-config="true" signature="logOutFromNeoStox()[pri:0, instance:validateUserIDAnd_Balance.ValidateNeoStoxAccBalance@1de5f259]" started-at="2022-12-05T00:25:26 IST" name="logOutFromNeoStox" finished-at="2022-12-05T00:25:27 IST" duration-ms="225" status="PASS">
          <reporter-output>
            <line>
              <![CDATA[Waiting for5000ms]]>
            </line>
            <line>
              <![CDATA[Logging Out]]>
            </line>
          </reporter-output>
        </test-method> <!-- logOutFromNeoStox -->
        <test-method is-config="true" signature="logintoNeoStox()[pri:0, instance:validateUserIDAnd_Balance.ValidateNeoStoxAccBalance@1de5f259]" started-at="2022-12-05T00:25:27 IST" name="logintoNeoStox" finished-at="2022-12-05T00:25:45 IST" duration-ms="18538" status="PASS">
          <reporter-output>
            <line>
              <![CDATA[reading data from excel]]>
            </line>
            <line>
              <![CDATA[Waiting for5000ms]]>
            </line>
            <line>
              <![CDATA[Clicking on SignIn Button]]>
            </line>
            <line>
              <![CDATA[Waiting for2000ms]]>
            </line>
            <line>
              <![CDATA[Waiting for5000ms]]>
            </line>
            <line>
              <![CDATA[Clicking on SignIN Button]]>
            </line>
            <line>
              <![CDATA[Waiting for2000ms]]>
            </line>
            <line>
              <![CDATA[reading data from excel]]>
            </line>
            <line>
              <![CDATA[Waiting for5000ms]]>
            </line>
            <line>
              <![CDATA[Entering Password]]>
            </line>
            <line>
              <![CDATA[Waiting for5000ms]]>
            </line>
            <line>
              <![CDATA[Clicking on submit Button]]>
            </line>
            <line>
              <![CDATA[No Popup Interacted]]>
            </line>
            <line>
              <![CDATA[Waiting for5000ms]]>
            </line>
          </reporter-output>
        </test-method> <!-- logintoNeoStox -->
        <test-method signature="ValidateAccBalance()[pri:0, instance:validateUserIDAnd_Balance.ValidateNeoStoxAccBalance@1de5f259]" started-at="2022-12-05T00:25:45 IST" name="ValidateAccBalance" finished-at="2022-12-05T00:25:45 IST" duration-ms="283" status="PASS">
          <reporter-output>
            <line>
              <![CDATA[Waiting for5000ms]]>
            </line>
            <line>
              <![CDATA[Actual Balance isRs.5,00,000.00]]>
            </line>
            <line>
              <![CDATA[Waiting for2000ms]]>
            </line>
            <line>
              <![CDATA[Taking ScreenShot]]>
            </line>
          </reporter-output>
        </test-method> <!-- ValidateAccBalance -->
        <test-method is-config="true" signature="logOutFromNeoStox()[pri:0, instance:validateUserIDAnd_Balance.ValidateNeoStoxAccBalance@1de5f259]" started-at="2022-12-05T00:25:45 IST" name="logOutFromNeoStox" finished-at="2022-12-05T00:25:46 IST" duration-ms="242" status="PASS">
          <reporter-output>
            <line>
              <![CDATA[Waiting for5000ms]]>
            </line>
            <line>
              <![CDATA[Logging Out]]>
            </line>
          </reporter-output>
        </test-method> <!-- logOutFromNeoStox -->
        <test-method is-config="true" signature="closeBrowser()[pri:0, instance:validateUserIDAnd_Balance.ValidateNeoStoxAccBalance@1de5f259]" started-at="2022-12-05T00:25:46 IST" name="closeBrowser" finished-at="2022-12-05T00:25:46 IST" duration-ms="375" status="PASS">
          <reporter-output>
            <line>
              <![CDATA[Closing Browser]]>
            </line>
          </reporter-output>
        </test-method> <!-- closeBrowser -->
      </class> <!-- validateUserIDAnd_Balance.ValidateNeoStoxAccBalance -->
    </test> <!-- Default test -->
  </suite> <!-- Default suite -->
</testng-results>
