<?xml version="1.0" encoding="UTF-8"?>
<testng-results ignored="0" total="2" passed="2" failed="0" skipped="0">
  <reporter-output>
    <line>
      <![CDATA[Closing Browser]]>
    </line>
  </reporter-output>
  <suite started-at="2022-12-21T20:57:45 IST" name="Default suite" finished-at="2022-12-21T20:58:56 IST" duration-ms="71591">
    <groups>
    </groups>
    <test started-at="2022-12-21T20:57:45 IST" name="Default test" finished-at="2022-12-21T20:58:56 IST" duration-ms="71591">
      <class name="validateUserIDAnd_Balance.ValidateNeoStoxAccBalance">
        <test-method is-config="true" signature="launchNeoStox()[pri:0, instance:validateUserIDAnd_Balance.ValidateNeoStoxAccBalance@1de5f259]" started-at="2022-12-21T20:57:45 IST" name="launchNeoStox" finished-at="2022-12-21T20:58:00 IST" duration-ms="15668" status="PASS">
          <reporter-output>
          </reporter-output>
        </test-method> <!-- launchNeoStox -->
        <test-method is-config="true" signature="logintoNeoStox()[pri:0, instance:validateUserIDAnd_Balance.ValidateNeoStoxAccBalance@1de5f259]" started-at="2022-12-21T20:58:00 IST" name="logintoNeoStox" finished-at="2022-12-21T20:58:18 IST" duration-ms="17879" status="PASS">
          <reporter-output>
          </reporter-output>
        </test-method> <!-- logintoNeoStox -->
        <test-method signature="ValidateUserID()[pri:-1, instance:validateUserIDAnd_Balance.ValidateNeoStoxAccBalance@1de5f259]" started-at="2022-12-21T20:58:18 IST" name="ValidateUserID" finished-at="2022-12-21T20:58:19 IST" duration-ms="512" status="PASS">
          <reporter-output>
          </reporter-output>
        </test-method> <!-- ValidateUserID -->
        <test-method is-config="true" signature="logOutFromNeoStox()[pri:0, instance:validateUserIDAnd_Balance.ValidateNeoStoxAccBalance@1de5f259]" started-at="2022-12-21T20:58:19 IST" name="logOutFromNeoStox" finished-at="2022-12-21T20:58:29 IST" duration-ms="10236" status="PASS">
          <reporter-output>
          </reporter-output>
        </test-method> <!-- logOutFromNeoStox -->
        <test-method is-config="true" signature="logintoNeoStox()[pri:0, instance:validateUserIDAnd_Balance.ValidateNeoStoxAccBalance@1de5f259]" started-at="2022-12-21T20:58:29 IST" name="logintoNeoStox" finished-at="2022-12-21T20:58:45 IST" duration-ms="16460" status="PASS">
          <reporter-output>
          </reporter-output>
        </test-method> <!-- logintoNeoStox -->
        <test-method signature="ValidateAccBalance()[pri:0, instance:validateUserIDAnd_Balance.ValidateNeoStoxAccBalance@1de5f259]" started-at="2022-12-21T20:58:45 IST" name="ValidateAccBalance" finished-at="2022-12-21T20:58:46 IST" duration-ms="180" status="PASS">
          <reporter-output>
          </reporter-output>
        </test-method> <!-- ValidateAccBalance -->
        <test-method is-config="true" signature="logOutFromNeoStox()[pri:0, instance:validateUserIDAnd_Balance.ValidateNeoStoxAccBalance@1de5f259]" started-at="2022-12-21T20:58:46 IST" name="logOutFromNeoStox" finished-at="2022-12-21T20:58:56 IST" duration-ms="10268" status="PASS">
          <reporter-output>
          </reporter-output>
        </test-method> <!-- logOutFromNeoStox -->
        <test-method is-config="true" signature="closeBrowser()[pri:0, instance:validateUserIDAnd_Balance.ValidateNeoStoxAccBalance@1de5f259]" started-at="2022-12-21T20:58:56 IST" name="closeBrowser" finished-at="2022-12-21T20:58:56 IST" duration-ms="319" status="PASS">
          <reporter-output>
            <line>
              <![CDATA[Closing Browser]]>
            </line>
          </reporter-output>
        </test-method> <!-- closeBrowser -->
      </class> <!-- validateUserIDAnd_Balance.ValidateNeoStoxAccBalance -->
    </test> <!-- Default test -->
  </suite> <!-- Default suite -->
</testng-results>
